<?xml version="1.0" encoding="UTF-8" ?>
<testsuite tests="6" failures="0" name="TestSuite" time="0.031" errors="0" skipped="0">
  <properties>
[...]
</properties>
  <testcase classname="sanathkumar.AppiumTest" name="AppleIOS" time="0.015"/>
  <testcase classname="sanathkumar.AppiumTest" name="NativeAppAndroid" time="0"/>
  <testcase classname="sanathkumar.RestAPITest" name="PostJira" time="0"/>
  <testcase classname="sanathkumar.RestAPITest" name="facebookdelete" time="0"/>
  <testcase classname="sanathkumar.SeleniumTest" name="BrowserAutomation" time="0.016"/>
  <testcase classname="sanathkumar.SeleniumTest" name="ElementsUI" time="0"/>
</testsuite>